<?xml version="1.0" encoding="UTF-8"?>
<testng-results ignored="0" total="1" passed="1" failed="0" skipped="0">
  <reporter-output>
  </reporter-output>
  <suite started-at="2021-06-18T21:06:22Z" name="Default suite" finished-at="2021-06-18T21:06:35Z" duration-ms="12960">
    <groups>
    </groups>
    <test started-at="2021-06-18T21:06:22Z" name="Default test" finished-at="2021-06-18T21:06:35Z" duration-ms="12960">
      <class name="testCases.TC_001_LaunchingAndAddToCart">
        <test-method is-config="true" signature="setup()[pri:0, instance:testCases.TC_001_LaunchingAndAddToCart@e15b7e8]" started-at="2021-06-18T21:06:22Z" name="setup" finished-at="2021-06-18T21:06:25Z" duration-ms="2355" status="PASS">
          <reporter-output>
          </reporter-output>
        </test-method> <!-- setup -->
        <test-method signature="AddToCart()[pri:0, instance:testCases.TC_001_LaunchingAndAddToCart@e15b7e8]" started-at="2021-06-18T21:06:25Z" name="AddToCart" finished-at="2021-06-18T21:06:35Z" duration-ms="10425" status="PASS">
          <reporter-output>
          </reporter-output>
        </test-method> <!-- AddToCart -->
        <test-method is-config="true" signature="tearDown()[pri:0, instance:testCases.TC_001_LaunchingAndAddToCart@e15b7e8]" started-at="2021-06-18T21:06:35Z" name="tearDown" finished-at="2021-06-18T21:06:35Z" duration-ms="134" status="PASS">
          <reporter-output>
          </reporter-output>
        </test-method> <!-- tearDown -->
      </class> <!-- testCases.TC_001_LaunchingAndAddToCart -->
    </test> <!-- Default test -->
  </suite> <!-- Default suite -->
</testng-results>
